[2021/04/26_11:49:00] Processing '/home/lenny/shadow-experiments/shadowtor-all-but-hsdesc/cell_counters/relay26guard_cell_counters.log'...
[2021/04/26_11:49:01] Processing '/home/lenny/shadow-experiments/shadowtor-all-but-hsdesc/cell_counters/relay27guard_cell_counters.log'...
[2021/04/26_11:49:02] Processing '/home/lenny/shadow-experiments/shadowtor-all-but-hsdesc/cell_counters/relay29guard_cell_counters.log'...
[2021/04/26_11:49:03] Processing '/home/lenny/shadow-experiments/shadowtor-all-but-hsdesc/cell_counters/relay28guard_cell_counters.log'...
[2021/04/26_11:49:04] Processing '/home/lenny/shadow-experiments/shadowtor-all-but-hsdesc/cell_counters/relay32guard_cell_counters.log'...
[2021/04/26_11:49:05] Processing '/home/lenny/shadow-experiments/shadowtor-all-but-hsdesc/cell_counters/relay70middle_cell_counters.log'...
[2021/04/26_11:49:06] Processing '/home/lenny/shadow-experiments/shadowtor-all-but-hsdesc/cell_counters/relay30guard_cell_counters.log'...
[2021/04/26_11:49:07] Processing '/home/lenny/shadow-experiments/shadowtor-all-but-hsdesc/cell_counters/relay31guard_cell_counters.log'...
[2021/04/26_11:49:08] Processing '/home/lenny/shadow-experiments/shadowtor-all-but-hsdesc/cell_counters/relay33guard_cell_counters.log'...
[2021/04/26_11:49:09] Processing '/home/lenny/shadow-experiments/shadowtor-all-but-hsdesc/cell_counters/relay71middle_cell_counters.log'...
[2021/04/26_11:49:10] Processing '/home/lenny/shadow-experiments/shadowtor-all-but-hsdesc/cell_counters/relay34guard_cell_counters.log'...
[2021/04/26_11:49:11] Processing '/home/lenny/shadow-experiments/shadowtor-all-but-hsdesc/cell_counters/relay35guard_cell_counters.log'...
[2021/04/26_11:49:12] Processing '/home/lenny/shadow-experiments/shadowtor-all-but-hsdesc/cell_counters/relay36guard_cell_counters.log'...
[2021/04/26_11:49:13] Processing '/home/lenny/shadow-experiments/shadowtor-all-but-hsdesc/cell_counters/relay38guard_cell_counters.log'...
[2021/04/26_11:49:14] Processing '/home/lenny/shadow-experiments/shadowtor-all-but-hsdesc/cell_counters/relay37guard_cell_counters.log'...
[2021/04/26_11:49:15] Processing '/home/lenny/shadow-experiments/shadowtor-all-but-hsdesc/cell_counters/relay72middle_cell_counters.log'...
[2021/04/26_11:52:24] Processing '/home/lenny/shadow-experiments/shadowtor-all-but-hsdesc/cell_counters/relay39guard_cell_counters.log'...
[2021/04/26_11:52:54] Processing '/home/lenny/shadow-experiments/shadowtor-all-but-hsdesc/cell_counters/relay40guard_cell_counters.log'...
[2021/04/26_11:53:07] Processing '/home/lenny/shadow-experiments/shadowtor-all-but-hsdesc/cell_counters/relay41guard_cell_counters.log'...
[2021/04/26_11:53:16] Processing '/home/lenny/shadow-experiments/shadowtor-all-but-hsdesc/cell_counters/relay73middle_cell_counters.log'...
[2021/04/26_11:53:33] Processing '/home/lenny/shadow-experiments/shadowtor-all-but-hsdesc/cell_counters/relay1exitguard_cell_counters.log'...
[2021/04/26_11:54:04] Processing '/home/lenny/shadow-experiments/shadowtor-all-but-hsdesc/cell_counters/relay42guard_cell_counters.log'...
[2021/04/26_11:54:10] Processing '/home/lenny/shadow-experiments/shadowtor-all-but-hsdesc/cell_counters/relay43guard_cell_counters.log'...
[2021/04/26_11:54:29] Processing '/home/lenny/shadow-experiments/shadowtor-all-but-hsdesc/cell_counters/relay2exitguard_cell_counters.log'...
[2021/04/26_11:55:08] Processing '/home/lenny/shadow-experiments/shadowtor-all-but-hsdesc/cell_counters/relay44guard_cell_counters.log'...
[2021/04/26_11:55:17] Processing '/home/lenny/shadow-experiments/shadowtor-all-but-hsdesc/cell_counters/relay45guard_cell_counters.log'...
[2021/04/26_11:56:01] Processing '/home/lenny/shadow-experiments/shadowtor-all-but-hsdesc/cell_counters/relay74middle_cell_counters.log'...
[2021/04/26_11:56:10] Processing '/home/lenny/shadow-experiments/shadowtor-all-but-hsdesc/cell_counters/relay3exitguard_cell_counters.log'...
[2021/04/26_11:56:17] Processing '/home/lenny/shadow-experiments/shadowtor-all-but-hsdesc/cell_counters/relay46guard_cell_counters.log'...
[2021/04/26_11:56:18] Processing '/home/lenny/shadow-experiments/shadowtor-all-but-hsdesc/cell_counters/relay47guard_cell_counters.log'...
[2021/04/26_11:56:23] Processing '/home/lenny/shadow-experiments/shadowtor-all-but-hsdesc/cell_counters/server16_cell_counters.log'...
[2021/04/26_11:56:45] Processing '/home/lenny/shadow-experiments/shadowtor-all-but-hsdesc/cell_counters/relay4exitguard_cell_counters.log'...
[2021/04/26_11:56:46] Processing '/home/lenny/shadow-experiments/shadowtor-all-but-hsdesc/cell_counters/relay48guard_cell_counters.log'...
[2021/04/26_11:56:59] Processing '/home/lenny/shadow-experiments/shadowtor-all-but-hsdesc/cell_counters/relay75middle_cell_counters.log'...
[2021/04/26_11:57:20] Processing '/home/lenny/shadow-experiments/shadowtor-all-but-hsdesc/cell_counters/relay49guard_cell_counters.log'...
[2021/04/26_11:57:31] Processing '/home/lenny/shadow-experiments/shadowtor-all-but-hsdesc/cell_counters/server13_cell_counters.log'...
[2021/04/26_11:57:32] Processing '/home/lenny/shadow-experiments/shadowtor-all-but-hsdesc/cell_counters/relay50guard_cell_counters.log'...
[2021/04/26_11:57:41] Processing '/home/lenny/shadow-experiments/shadowtor-all-but-hsdesc/cell_counters/relay5exitguard_cell_counters.log'...
[2021/04/26_11:58:03] Processing '/home/lenny/shadow-experiments/shadowtor-all-but-hsdesc/cell_counters/relay51guard_cell_counters.log'...
[2021/04/26_11:58:08] Processing '/home/lenny/shadow-experiments/shadowtor-all-but-hsdesc/cell_counters/relay52guard_cell_counters.log'...
[2021/04/26_11:58:09] Processing '/home/lenny/shadow-experiments/shadowtor-all-but-hsdesc/cell_counters/relay76middle_cell_counters.log'...
[2021/04/26_11:58:14] Processing '/home/lenny/shadow-experiments/shadowtor-all-but-hsdesc/cell_counters/relay53guard_cell_counters.log'...
[2021/04/26_11:58:19] Processing '/home/lenny/shadow-experiments/shadowtor-all-but-hsdesc/cell_counters/relay6exitguard_cell_counters.log'...
[2021/04/26_11:58:34] Processing '/home/lenny/shadow-experiments/shadowtor-all-but-hsdesc/cell_counters/relay54guard_cell_counters.log'...
[2021/04/26_11:58:41] Processing '/home/lenny/shadow-experiments/shadowtor-all-but-hsdesc/cell_counters/relay77middle_cell_counters.log'...
[2021/04/26_11:58:57] Processing '/home/lenny/shadow-experiments/shadowtor-all-but-hsdesc/cell_counters/relay18exit_cell_counters.log'...
[2021/04/26_11:59:02] Processing '/home/lenny/shadow-experiments/shadowtor-all-but-hsdesc/cell_counters/relay7exitguard_cell_counters.log'...
[2021/04/26_11:59:13] Processing '/home/lenny/shadow-experiments/shadowtor-all-but-hsdesc/cell_counters/server14_cell_counters.log'...
[2021/04/26_11:59:18] Processing '/home/lenny/shadow-experiments/shadowtor-all-but-hsdesc/cell_counters/relay55guard_cell_counters.log'...
[2021/04/26_11:59:19] Processing '/home/lenny/shadow-experiments/shadowtor-all-but-hsdesc/cell_counters/relay56guard_cell_counters.log'...
[2021/04/26_11:59:30] Processing '/home/lenny/shadow-experiments/shadowtor-all-but-hsdesc/cell_counters/relay78middle_cell_counters.log'...
[2021/04/26_11:59:33] Processing '/home/lenny/shadow-experiments/shadowtor-all-but-hsdesc/cell_counters/relay57guard_cell_counters.log'...
[2021/04/26_11:59:34] Processing '/home/lenny/shadow-experiments/shadowtor-all-but-hsdesc/cell_counters/relay58guard_cell_counters.log'...
[2021/04/26_11:59:39] Processing '/home/lenny/shadow-experiments/shadowtor-all-but-hsdesc/cell_counters/relay8exitguard_cell_counters.log'...
[2021/04/26_11:59:40] Processing '/home/lenny/shadow-experiments/shadowtor-all-but-hsdesc/cell_counters/relay79middle_cell_counters.log'...
[2021/04/26_11:59:41] Processing '/home/lenny/shadow-experiments/shadowtor-all-but-hsdesc/cell_counters/relay59guard_cell_counters.log'...
[2021/04/26_11:59:44] Processing '/home/lenny/shadow-experiments/shadowtor-all-but-hsdesc/cell_counters/relay80middle_cell_counters.log'...
[2021/04/26_11:59:45] Processing '/home/lenny/shadow-experiments/shadowtor-all-but-hsdesc/cell_counters/server15_cell_counters.log'...
[2021/04/26_12:00:01] Processing '/home/lenny/shadow-experiments/shadowtor-all-but-hsdesc/cell_counters/relay9exitguard_cell_counters.log'...
[2021/04/26_12:00:12] Processing '/home/lenny/shadow-experiments/shadowtor-all-but-hsdesc/cell_counters/relay60guard_cell_counters.log'...
[2021/04/26_12:00:13] Processing '/home/lenny/shadow-experiments/shadowtor-all-but-hsdesc/cell_counters/relay62guard_cell_counters.log'...
[2021/04/26_12:00:14] Processing '/home/lenny/shadow-experiments/shadowtor-all-but-hsdesc/cell_counters/relay81middle_cell_counters.log'...
[2021/04/26_12:00:19] Processing '/home/lenny/shadow-experiments/shadowtor-all-but-hsdesc/cell_counters/relay61guard_cell_counters.log'...
[2021/04/26_12:00:22] Processing '/home/lenny/shadow-experiments/shadowtor-all-but-hsdesc/cell_counters/relay10exitguard_cell_counters.log'...
[2021/04/26_12:00:23] Processing '/home/lenny/shadow-experiments/shadowtor-all-but-hsdesc/cell_counters/relay63guard_cell_counters.log'...
[2021/04/26_12:00:28] Processing '/home/lenny/shadow-experiments/shadowtor-all-but-hsdesc/cell_counters/relay11exitguard_cell_counters.log'...
[2021/04/26_12:00:33] Processing '/home/lenny/shadow-experiments/shadowtor-all-but-hsdesc/cell_counters/relay19exit_cell_counters.log'...
[2021/04/26_12:00:34] Processing '/home/lenny/shadow-experiments/shadowtor-all-but-hsdesc/cell_counters/relay12exitguard_cell_counters.log'...
[2021/04/26_12:00:37] Processing '/home/lenny/shadow-experiments/shadowtor-all-but-hsdesc/cell_counters/relay82middle_cell_counters.log'...
[2021/04/26_12:00:38] Processing '/home/lenny/shadow-experiments/shadowtor-all-but-hsdesc/cell_counters/relay64guard_cell_counters.log'...
[2021/04/26_12:00:41] Processing '/home/lenny/shadow-experiments/shadowtor-all-but-hsdesc/cell_counters/relay83middle_cell_counters.log'...
[2021/04/26_12:00:50] Processing '/home/lenny/shadow-experiments/shadowtor-all-but-hsdesc/cell_counters/relay65guard_cell_counters.log'...
[2021/04/26_12:00:51] Processing '/home/lenny/shadow-experiments/shadowtor-all-but-hsdesc/cell_counters/relay84middle_cell_counters.log'...
[2021/04/26_12:00:55] Processing '/home/lenny/shadow-experiments/shadowtor-all-but-hsdesc/cell_counters/relay66guard_cell_counters.log'...
[2021/04/26_12:00:56] Processing '/home/lenny/shadow-experiments/shadowtor-all-but-hsdesc/cell_counters/relay13exitguard_cell_counters.log'...
[2021/04/26_12:00:59] Processing '/home/lenny/shadow-experiments/shadowtor-all-but-hsdesc/cell_counters/relay67guard_cell_counters.log'...
[2021/04/26_12:01:04] Processing '/home/lenny/shadow-experiments/shadowtor-all-but-hsdesc/cell_counters/relay85middle_cell_counters.log'...
[2021/04/26_12:01:05] Processing '/home/lenny/shadow-experiments/shadowtor-all-but-hsdesc/cell_counters/relay68guard_cell_counters.log'...
[2021/04/26_12:01:06] Processing '/home/lenny/shadow-experiments/shadowtor-all-but-hsdesc/cell_counters/relay86middle_cell_counters.log'...
[2021/04/26_12:01:07] Processing '/home/lenny/shadow-experiments/shadowtor-all-but-hsdesc/cell_counters/relay69guard_cell_counters.log'...
[2021/04/26_12:01:08] Processing '/home/lenny/shadow-experiments/shadowtor-all-but-hsdesc/cell_counters/relay14exitguard_cell_counters.log'...
[2021/04/26_12:01:09] Processing '/home/lenny/shadow-experiments/shadowtor-all-but-hsdesc/cell_counters/relay20exit_cell_counters.log'...
[2021/04/26_12:01:10] Processing '/home/lenny/shadow-experiments/shadowtor-all-but-hsdesc/cell_counters/relay87middle_cell_counters.log'...
[2021/04/26_12:01:13] Processing '/home/lenny/shadow-experiments/shadowtor-all-but-hsdesc/cell_counters/relay88middle_cell_counters.log'...
[2021/04/26_12:01:16] Processing '/home/lenny/shadow-experiments/shadowtor-all-but-hsdesc/cell_counters/markovclient61_cell_counters.log'...
[2021/04/26_12:01:17] Processing '/home/lenny/shadow-experiments/shadowtor-all-but-hsdesc/cell_counters/markovclient142_cell_counters.log'...
[2021/04/26_12:01:20] Processing '/home/lenny/shadow-experiments/shadowtor-all-but-hsdesc/cell_counters/markovclient131_cell_counters.log'...
[2021/04/26_12:01:23] Processing '/home/lenny/shadow-experiments/shadowtor-all-but-hsdesc/cell_counters/markovclient153_cell_counters.log'...
[2021/04/26_12:01:24] Processing '/home/lenny/shadow-experiments/shadowtor-all-but-hsdesc/cell_counters/markovclient77_cell_counters.log'...
[2021/04/26_12:01:25] Processing '/home/lenny/shadow-experiments/shadowtor-all-but-hsdesc/cell_counters/markovclient8_cell_counters.log'...
[2021/04/26_12:01:26] Processing '/home/lenny/shadow-experiments/shadowtor-all-but-hsdesc/cell_counters/markovclient76_cell_counters.log'...
[2021/04/26_12:01:27] Processing '/home/lenny/shadow-experiments/shadowtor-all-but-hsdesc/cell_counters/markovclient26_cell_counters.log'...
[2021/04/26_12:01:28] Processing '/home/lenny/shadow-experiments/shadowtor-all-but-hsdesc/cell_counters/markovclient88_cell_counters.log'...
[2021/04/26_12:01:29] Processing '/home/lenny/shadow-experiments/shadowtor-all-but-hsdesc/cell_counters/markovclient5_cell_counters.log'...
[2021/04/26_12:01:30] Processing '/home/lenny/shadow-experiments/shadowtor-all-but-hsdesc/cell_counters/relay15exitguard_cell_counters.log'...
[2021/04/26_12:01:33] Processing '/home/lenny/shadow-experiments/shadowtor-all-but-hsdesc/cell_counters/markovclient71_cell_counters.log'...
[2021/04/26_12:01:34] Processing '/home/lenny/shadow-experiments/shadowtor-all-but-hsdesc/cell_counters/markovclient50_cell_counters.log'...
[2021/04/26_12:01:35] Processing '/home/lenny/shadow-experiments/shadowtor-all-but-hsdesc/cell_counters/markovclient125_cell_counters.log'...
[2021/04/26_12:01:36] Processing '/home/lenny/shadow-experiments/shadowtor-all-but-hsdesc/cell_counters/markovclient108_cell_counters.log'...
[2021/04/26_12:01:37] Processing '/home/lenny/shadow-experiments/shadowtor-all-but-hsdesc/cell_counters/markovclient69_cell_counters.log'...
[2021/04/26_12:01:39] Processing '/home/lenny/shadow-experiments/shadowtor-all-but-hsdesc/cell_counters/markovclient140_cell_counters.log'...
[2021/04/26_12:01:40] Processing '/home/lenny/shadow-experiments/shadowtor-all-but-hsdesc/cell_counters/markovclient51_cell_counters.log'...
[2021/04/26_12:01:41] Processing '/home/lenny/shadow-experiments/shadowtor-all-but-hsdesc/cell_counters/markovclient112_cell_counters.log'...
[2021/04/26_12:01:42] Processing '/home/lenny/shadow-experiments/shadowtor-all-but-hsdesc/cell_counters/markovclient53_cell_counters.log'...
[2021/04/26_12:01:43] Processing '/home/lenny/shadow-experiments/shadowtor-all-but-hsdesc/cell_counters/markovclient36_cell_counters.log'...
[2021/04/26_12:01:48] Processing '/home/lenny/shadow-experiments/shadowtor-all-but-hsdesc/cell_counters/markovclient138_cell_counters.log'...
[2021/04/26_12:01:49] Processing '/home/lenny/shadow-experiments/shadowtor-all-but-hsdesc/cell_counters/markovclient123_cell_counters.log'...
[2021/04/26_12:01:50] Processing '/home/lenny/shadow-experiments/shadowtor-all-but-hsdesc/cell_counters/markovclient90_cell_counters.log'...
[2021/04/26_12:01:51] Processing '/home/lenny/shadow-experiments/shadowtor-all-but-hsdesc/cell_counters/markovclient42_cell_counters.log'...
[2021/04/26_12:01:52] Processing '/home/lenny/shadow-experiments/shadowtor-all-but-hsdesc/cell_counters/markovclient79_cell_counters.log'...
[2021/04/26_12:01:53] Processing '/home/lenny/shadow-experiments/shadowtor-all-but-hsdesc/cell_counters/markovclient99_cell_counters.log'...
[2021/04/26_12:01:54] Processing '/home/lenny/shadow-experiments/shadowtor-all-but-hsdesc/cell_counters/markovclient139_cell_counters.log'...
[2021/04/26_12:01:55] Processing '/home/lenny/shadow-experiments/shadowtor-all-but-hsdesc/cell_counters/markovclient156_cell_counters.log'...
[2021/04/26_12:01:56] Processing '/home/lenny/shadow-experiments/shadowtor-all-but-hsdesc/cell_counters/markovclient137_cell_counters.log'...
[2021/04/26_12:01:57] Processing '/home/lenny/shadow-experiments/shadowtor-all-but-hsdesc/cell_counters/markovclient101_cell_counters.log'...
[2021/04/26_12:01:58] Processing '/home/lenny/shadow-experiments/shadowtor-all-but-hsdesc/cell_counters/markovclient109_cell_counters.log'...
[2021/04/26_12:01:59] Processing '/home/lenny/shadow-experiments/shadowtor-all-but-hsdesc/cell_counters/markovclient151_cell_counters.log'...
[2021/04/26_12:02:00] Processing '/home/lenny/shadow-experiments/shadowtor-all-but-hsdesc/cell_counters/markovclient132_cell_counters.log'...
[2021/04/26_12:02:01] Processing '/home/lenny/shadow-experiments/shadowtor-all-but-hsdesc/cell_counters/markovclient118_cell_counters.log'...
[2021/04/26_12:02:02] Processing '/home/lenny/shadow-experiments/shadowtor-all-but-hsdesc/cell_counters/markovclient38_cell_counters.log'...
[2021/04/26_12:02:03] Processing '/home/lenny/shadow-experiments/shadowtor-all-but-hsdesc/cell_counters/markovclient95_cell_counters.log'...
[2021/04/26_12:02:04] Processing '/home/lenny/shadow-experiments/shadowtor-all-but-hsdesc/cell_counters/markovclient52_cell_counters.log'...
[2021/04/26_12:02:07] Processing '/home/lenny/shadow-experiments/shadowtor-all-but-hsdesc/cell_counters/markovclient32_cell_counters.log'...
[2021/04/26_12:02:08] Processing '/home/lenny/shadow-experiments/shadowtor-all-but-hsdesc/cell_counters/markovclient141_cell_counters.log'...
[2021/04/26_12:02:09] Processing '/home/lenny/shadow-experiments/shadowtor-all-but-hsdesc/cell_counters/markovclient66_cell_counters.log'...
[2021/04/26_12:02:10] Processing '/home/lenny/shadow-experiments/shadowtor-all-but-hsdesc/cell_counters/markovclient145_cell_counters.log'...
[2021/04/26_12:02:11] Processing '/home/lenny/shadow-experiments/shadowtor-all-but-hsdesc/cell_counters/markovclient74_cell_counters.log'...
[2021/04/26_12:02:12] Processing '/home/lenny/shadow-experiments/shadowtor-all-but-hsdesc/cell_counters/markovclient45_cell_counters.log'...
[2021/04/26_12:02:13] Processing '/home/lenny/shadow-experiments/shadowtor-all-but-hsdesc/cell_counters/markovclient47_cell_counters.log'...
[2021/04/26_12:02:15] Processing '/home/lenny/shadow-experiments/shadowtor-all-but-hsdesc/cell_counters/markovclient70_cell_counters.log'...
[2021/04/26_12:02:16] Processing '/home/lenny/shadow-experiments/shadowtor-all-but-hsdesc/cell_counters/markovclient146_cell_counters.log'...
[2021/04/26_12:02:17] Processing '/home/lenny/shadow-experiments/shadowtor-all-but-hsdesc/cell_counters/markovclient143_cell_counters.log'...
[2021/04/26_12:02:18] Processing '/home/lenny/shadow-experiments/shadowtor-all-but-hsdesc/cell_counters/markovclient100_cell_counters.log'...
[2021/04/26_12:02:19] Processing '/home/lenny/shadow-experiments/shadowtor-all-but-hsdesc/cell_counters/markovclient128_cell_counters.log'...
[2021/04/26_12:02:20] Processing '/home/lenny/shadow-experiments/shadowtor-all-but-hsdesc/cell_counters/markovclient115_cell_counters.log'...
[2021/04/26_12:02:21] Processing '/home/lenny/shadow-experiments/shadowtor-all-but-hsdesc/cell_counters/markovclient3_cell_counters.log'...
[2021/04/26_12:02:22] Processing '/home/lenny/shadow-experiments/shadowtor-all-but-hsdesc/cell_counters/markovclient124_cell_counters.log'...
[2021/04/26_12:02:23] Processing '/home/lenny/shadow-experiments/shadowtor-all-but-hsdesc/cell_counters/markovclient158_cell_counters.log'...
[2021/04/26_12:02:24] Processing '/home/lenny/shadow-experiments/shadowtor-all-but-hsdesc/cell_counters/markovclient14_cell_counters.log'...
[2021/04/26_12:02:25] Processing '/home/lenny/shadow-experiments/shadowtor-all-but-hsdesc/cell_counters/markovclient31_cell_counters.log'...
[2021/04/26_12:02:26] Processing '/home/lenny/shadow-experiments/shadowtor-all-but-hsdesc/cell_counters/markovclient144_cell_counters.log'...
[2021/04/26_12:02:27] Processing '/home/lenny/shadow-experiments/shadowtor-all-but-hsdesc/cell_counters/markovclient106_cell_counters.log'...
[2021/04/26_12:02:28] Processing '/home/lenny/shadow-experiments/shadowtor-all-but-hsdesc/cell_counters/markovclient154_cell_counters.log'...
[2021/04/26_12:02:29] Processing '/home/lenny/shadow-experiments/shadowtor-all-but-hsdesc/cell_counters/markovclient4_cell_counters.log'...
[2021/04/26_12:02:34] Processing '/home/lenny/shadow-experiments/shadowtor-all-but-hsdesc/cell_counters/markovclient85_cell_counters.log'...
[2021/04/26_12:02:35] Processing '/home/lenny/shadow-experiments/shadowtor-all-but-hsdesc/cell_counters/markovclient87_cell_counters.log'...
[2021/04/26_12:02:36] Processing '/home/lenny/shadow-experiments/shadowtor-all-but-hsdesc/cell_counters/markovclient81_cell_counters.log'...
[2021/04/26_12:02:37] Processing '/home/lenny/shadow-experiments/shadowtor-all-but-hsdesc/cell_counters/markovclient23_cell_counters.log'...
[2021/04/26_12:02:38] Processing '/home/lenny/shadow-experiments/shadowtor-all-but-hsdesc/cell_counters/markovclient44_cell_counters.log'...
[2021/04/26_12:02:39] Processing '/home/lenny/shadow-experiments/shadowtor-all-but-hsdesc/cell_counters/markovclient33_cell_counters.log'...
[2021/04/26_12:02:40] Processing '/home/lenny/shadow-experiments/shadowtor-all-but-hsdesc/cell_counters/markovclient111_cell_counters.log'...
[2021/04/26_12:02:41] Processing '/home/lenny/shadow-experiments/shadowtor-all-but-hsdesc/cell_counters/markovclient55_cell_counters.log'...
[2021/04/26_12:02:42] Processing '/home/lenny/shadow-experiments/shadowtor-all-but-hsdesc/cell_counters/markovclient89_cell_counters.log'...
[2021/04/26_12:02:43] Processing '/home/lenny/shadow-experiments/shadowtor-all-but-hsdesc/cell_counters/markovclient34_cell_counters.log'...
[2021/04/26_12:02:44] Processing '/home/lenny/shadow-experiments/shadowtor-all-but-hsdesc/cell_counters/markovclient2_cell_counters.log'...
[2021/04/26_12:02:45] Processing '/home/lenny/shadow-experiments/shadowtor-all-but-hsdesc/cell_counters/markovclient155_cell_counters.log'...
[2021/04/26_12:02:46] Processing '/home/lenny/shadow-experiments/shadowtor-all-but-hsdesc/cell_counters/markovclient46_cell_counters.log'...
[2021/04/26_12:02:47] Processing '/home/lenny/shadow-experiments/shadowtor-all-but-hsdesc/cell_counters/markovclient73_cell_counters.log'...
[2021/04/26_12:02:48] Processing '/home/lenny/shadow-experiments/shadowtor-all-but-hsdesc/cell_counters/markovclient152_cell_counters.log'...
[2021/04/26_12:02:49] Processing '/home/lenny/shadow-experiments/shadowtor-all-but-hsdesc/cell_counters/markovclient28_cell_counters.log'...
[2021/04/26_12:02:51] Processing '/home/lenny/shadow-experiments/shadowtor-all-but-hsdesc/cell_counters/markovclient16_cell_counters.log'...
[2021/04/26_12:02:52] Processing '/home/lenny/shadow-experiments/shadowtor-all-but-hsdesc/cell_counters/markovclient62_cell_counters.log'...
[2021/04/26_12:02:53] Processing '/home/lenny/shadow-experiments/shadowtor-all-but-hsdesc/cell_counters/markovclient9_cell_counters.log'...
[2021/04/26_12:02:54] Processing '/home/lenny/shadow-experiments/shadowtor-all-but-hsdesc/cell_counters/markovclient58_cell_counters.log'...
[2021/04/26_12:02:57] Processing '/home/lenny/shadow-experiments/shadowtor-all-but-hsdesc/cell_counters/markovclient27_cell_counters.log'...
[2021/04/26_12:02:58] Processing '/home/lenny/shadow-experiments/shadowtor-all-but-hsdesc/cell_counters/markovclient78_cell_counters.log'...
[2021/04/26_12:02:59] Processing '/home/lenny/shadow-experiments/shadowtor-all-but-hsdesc/cell_counters/markovclient49_cell_counters.log'...
[2021/04/26_12:03:00] Processing '/home/lenny/shadow-experiments/shadowtor-all-but-hsdesc/cell_counters/markovclient120_cell_counters.log'...
[2021/04/26_12:03:01] Processing '/home/lenny/shadow-experiments/shadowtor-all-but-hsdesc/cell_counters/markovclient157_cell_counters.log'...
[2021/04/26_12:03:02] Processing '/home/lenny/shadow-experiments/shadowtor-all-but-hsdesc/cell_counters/markovclient15_cell_counters.log'...
[2021/04/26_12:03:03] Processing '/home/lenny/shadow-experiments/shadowtor-all-but-hsdesc/cell_counters/markovclient93_cell_counters.log'...
[2021/04/26_12:03:04] Processing '/home/lenny/shadow-experiments/shadowtor-all-but-hsdesc/cell_counters/markovclient6_cell_counters.log'...
[2021/04/26_12:03:05] Processing '/home/lenny/shadow-experiments/shadowtor-all-but-hsdesc/cell_counters/markovclient72_cell_counters.log'...
[2021/04/26_12:03:06] Processing '/home/lenny/shadow-experiments/shadowtor-all-but-hsdesc/cell_counters/markovclient134_cell_counters.log'...
[2021/04/26_12:03:07] Processing '/home/lenny/shadow-experiments/shadowtor-all-but-hsdesc/cell_counters/markovclient105_cell_counters.log'...
[2021/04/26_12:03:08] Processing '/home/lenny/shadow-experiments/shadowtor-all-but-hsdesc/cell_counters/markovclient18_cell_counters.log'...
[2021/04/26_12:03:09] Processing '/home/lenny/shadow-experiments/shadowtor-all-but-hsdesc/cell_counters/markovclient103_cell_counters.log'...
[2021/04/26_12:03:10] Processing '/home/lenny/shadow-experiments/shadowtor-all-but-hsdesc/cell_counters/markovclient40_cell_counters.log'...
[2021/04/26_12:03:11] Processing '/home/lenny/shadow-experiments/shadowtor-all-but-hsdesc/cell_counters/markovclient37_cell_counters.log'...
[2021/04/26_12:03:12] Processing '/home/lenny/shadow-experiments/shadowtor-all-but-hsdesc/cell_counters/markovclient59_cell_counters.log'...
[2021/04/26_12:03:13] Processing '/home/lenny/shadow-experiments/shadowtor-all-but-hsdesc/cell_counters/markovclient148_cell_counters.log'...
[2021/04/26_12:03:14] Processing '/home/lenny/shadow-experiments/shadowtor-all-but-hsdesc/cell_counters/markovclient11_cell_counters.log'...
[2021/04/26_12:03:15] Processing '/home/lenny/shadow-experiments/shadowtor-all-but-hsdesc/cell_counters/markovclient19_cell_counters.log'...
[2021/04/26_12:03:16] Processing '/home/lenny/shadow-experiments/shadowtor-all-but-hsdesc/cell_counters/markovclient126_cell_counters.log'...
[2021/04/26_12:03:17] Processing '/home/lenny/shadow-experiments/shadowtor-all-but-hsdesc/cell_counters/markovclient41_cell_counters.log'...
[2021/04/26_12:03:18] Processing '/home/lenny/shadow-experiments/shadowtor-all-but-hsdesc/cell_counters/markovclient107_cell_counters.log'...
[2021/04/26_12:03:19] Processing '/home/lenny/shadow-experiments/shadowtor-all-but-hsdesc/cell_counters/markovclient149_cell_counters.log'...
[2021/04/26_12:03:20] Processing '/home/lenny/shadow-experiments/shadowtor-all-but-hsdesc/cell_counters/markovclient10_cell_counters.log'...
[2021/04/26_12:03:21] Processing '/home/lenny/shadow-experiments/shadowtor-all-but-hsdesc/cell_counters/markovclient48_cell_counters.log'...
[2021/04/26_12:03:22] Processing '/home/lenny/shadow-experiments/shadowtor-all-but-hsdesc/cell_counters/markovclient54_cell_counters.log'...
[2021/04/26_12:03:23] Processing '/home/lenny/shadow-experiments/shadowtor-all-but-hsdesc/cell_counters/markovclient130_cell_counters.log'...
[2021/04/26_12:03:24] Processing '/home/lenny/shadow-experiments/shadowtor-all-but-hsdesc/cell_counters/markovclient121_cell_counters.log'...
[2021/04/26_12:03:26] Processing '/home/lenny/shadow-experiments/shadowtor-all-but-hsdesc/cell_counters/markovclient43_cell_counters.log'...
[2021/04/26_12:03:27] Processing '/home/lenny/shadow-experiments/shadowtor-all-but-hsdesc/cell_counters/markovclient24_cell_counters.log'...
[2021/04/26_12:03:28] Processing '/home/lenny/shadow-experiments/shadowtor-all-but-hsdesc/cell_counters/markovclient12_cell_counters.log'...
[2021/04/26_12:03:29] Processing '/home/lenny/shadow-experiments/shadowtor-all-but-hsdesc/cell_counters/markovclient21_cell_counters.log'...
[2021/04/26_12:03:30] Processing '/home/lenny/shadow-experiments/shadowtor-all-but-hsdesc/cell_counters/markovclient57_cell_counters.log'...
[2021/04/26_12:03:31] Processing '/home/lenny/shadow-experiments/shadowtor-all-but-hsdesc/cell_counters/markovclient7_cell_counters.log'...
[2021/04/26_12:03:32] Processing '/home/lenny/shadow-experiments/shadowtor-all-but-hsdesc/cell_counters/markovclient1_cell_counters.log'...
[2021/04/26_12:03:33] Processing '/home/lenny/shadow-experiments/shadowtor-all-but-hsdesc/cell_counters/markovclient25_cell_counters.log'...
[2021/04/26_12:03:34] Processing '/home/lenny/shadow-experiments/shadowtor-all-but-hsdesc/cell_counters/markovclient63_cell_counters.log'...
[2021/04/26_12:03:35] Processing '/home/lenny/shadow-experiments/shadowtor-all-but-hsdesc/cell_counters/markovclient147_cell_counters.log'...
[2021/04/26_12:03:36] Processing '/home/lenny/shadow-experiments/shadowtor-all-but-hsdesc/cell_counters/markovclient84_cell_counters.log'...
[2021/04/26_12:03:37] Processing '/home/lenny/shadow-experiments/shadowtor-all-but-hsdesc/cell_counters/markovclient67_cell_counters.log'...
[2021/04/26_12:03:38] Processing '/home/lenny/shadow-experiments/shadowtor-all-but-hsdesc/cell_counters/markovclient136_cell_counters.log'...
[2021/04/26_12:03:39] Processing '/home/lenny/shadow-experiments/shadowtor-all-but-hsdesc/cell_counters/markovclient97_cell_counters.log'...
[2021/04/26_12:03:40] Processing '/home/lenny/shadow-experiments/shadowtor-all-but-hsdesc/cell_counters/markovclient133_cell_counters.log'...
[2021/04/26_12:03:41] Processing '/home/lenny/shadow-experiments/shadowtor-all-but-hsdesc/cell_counters/markovclient17_cell_counters.log'...
[2021/04/26_12:03:42] Processing '/home/lenny/shadow-experiments/shadowtor-all-but-hsdesc/cell_counters/markovclient30_cell_counters.log'...
[2021/04/26_12:03:43] Processing '/home/lenny/shadow-experiments/shadowtor-all-but-hsdesc/cell_counters/markovclient127_cell_counters.log'...
[2021/04/26_12:03:44] Processing '/home/lenny/shadow-experiments/shadowtor-all-but-hsdesc/cell_counters/markovclient68_cell_counters.log'...
[2021/04/26_12:03:45] Processing '/home/lenny/shadow-experiments/shadowtor-all-but-hsdesc/cell_counters/markovclient22_cell_counters.log'...
[2021/04/26_12:03:46] Processing '/home/lenny/shadow-experiments/shadowtor-all-but-hsdesc/cell_counters/markovclient92_cell_counters.log'...
[2021/04/26_12:03:47] Processing '/home/lenny/shadow-experiments/shadowtor-all-but-hsdesc/cell_counters/markovclient13_cell_counters.log'...
[2021/04/26_12:03:48] Processing '/home/lenny/shadow-experiments/shadowtor-all-but-hsdesc/cell_counters/markovclient86_cell_counters.log'...
[2021/04/26_12:03:49] Processing '/home/lenny/shadow-experiments/shadowtor-all-but-hsdesc/cell_counters/markovclient94_cell_counters.log'...
[2021/04/26_12:03:50] Processing '/home/lenny/shadow-experiments/shadowtor-all-but-hsdesc/cell_counters/markovclient104_cell_counters.log'...
[2021/04/26_12:03:51] Processing '/home/lenny/shadow-experiments/shadowtor-all-but-hsdesc/cell_counters/markovclient35_cell_counters.log'...
[2021/04/26_12:03:52] Processing '/home/lenny/shadow-experiments/shadowtor-all-but-hsdesc/cell_counters/markovclient82_cell_counters.log'...
[2021/04/26_12:03:53] Processing '/home/lenny/shadow-experiments/shadowtor-all-but-hsdesc/cell_counters/relay90middle_cell_counters.log'...
[2021/04/26_12:03:54] Processing '/home/lenny/shadow-experiments/shadowtor-all-but-hsdesc/cell_counters/markovclient56_cell_counters.log'...
[2021/04/26_12:03:55] Processing '/home/lenny/shadow-experiments/shadowtor-all-but-hsdesc/cell_counters/markovclient110_cell_counters.log'...
[2021/04/26_12:03:56] Processing '/home/lenny/shadow-experiments/shadowtor-all-but-hsdesc/cell_counters/markovclient75_cell_counters.log'...
[2021/04/26_12:03:57] Processing '/home/lenny/shadow-experiments/shadowtor-all-but-hsdesc/cell_counters/markovclient122_cell_counters.log'...
[2021/04/26_12:03:58] Processing '/home/lenny/shadow-experiments/shadowtor-all-but-hsdesc/cell_counters/markovclient114_cell_counters.log'...
[2021/04/26_12:04:00] Processing '/home/lenny/shadow-experiments/shadowtor-all-but-hsdesc/cell_counters/markovclient98_cell_counters.log'...
[2021/04/26_12:04:01] Processing '/home/lenny/shadow-experiments/shadowtor-all-but-hsdesc/cell_counters/markovclient80_cell_counters.log'...
[2021/04/26_12:04:02] Processing '/home/lenny/shadow-experiments/shadowtor-all-but-hsdesc/cell_counters/markovclient119_cell_counters.log'...
[2021/04/26_12:04:03] Processing '/home/lenny/shadow-experiments/shadowtor-all-but-hsdesc/cell_counters/markovclient135_cell_counters.log'...
[2021/04/26_12:04:04] Processing '/home/lenny/shadow-experiments/shadowtor-all-but-hsdesc/cell_counters/markovclient129_cell_counters.log'...
[2021/04/26_12:04:05] Processing '/home/lenny/shadow-experiments/shadowtor-all-but-hsdesc/cell_counters/markovclient29_cell_counters.log'...
[2021/04/26_12:04:06] Processing '/home/lenny/shadow-experiments/shadowtor-all-but-hsdesc/cell_counters/markovclient102_cell_counters.log'...
[2021/04/26_12:04:07] Processing '/home/lenny/shadow-experiments/shadowtor-all-but-hsdesc/cell_counters/markovclient60_cell_counters.log'...
[2021/04/26_12:04:08] Processing '/home/lenny/shadow-experiments/shadowtor-all-but-hsdesc/cell_counters/relay89middle_cell_counters.log'...
[2021/04/26_12:04:09] Processing '/home/lenny/shadow-experiments/shadowtor-all-but-hsdesc/cell_counters/markovclient64_cell_counters.log'...
[2021/04/26_12:04:10] Processing '/home/lenny/shadow-experiments/shadowtor-all-but-hsdesc/cell_counters/markovclient116_cell_counters.log'...
[2021/04/26_12:04:11] Processing '/home/lenny/shadow-experiments/shadowtor-all-but-hsdesc/cell_counters/markovclient113_cell_counters.log'...
[2021/04/26_12:04:12] Processing '/home/lenny/shadow-experiments/shadowtor-all-but-hsdesc/cell_counters/markovclient117_cell_counters.log'...
[2021/04/26_12:04:13] Processing '/home/lenny/shadow-experiments/shadowtor-all-but-hsdesc/cell_counters/markovclient91_cell_counters.log'...
[2021/04/26_12:04:14] Processing '/home/lenny/shadow-experiments/shadowtor-all-but-hsdesc/cell_counters/markovclient96_cell_counters.log'...
[2021/04/26_12:04:15] Processing '/home/lenny/shadow-experiments/shadowtor-all-but-hsdesc/cell_counters/markovclient83_cell_counters.log'...
[2021/04/26_12:04:16] Processing '/home/lenny/shadow-experiments/shadowtor-all-but-hsdesc/cell_counters/markovclient20_cell_counters.log'...
[2021/04/26_12:04:17] Processing '/home/lenny/shadow-experiments/shadowtor-all-but-hsdesc/cell_counters/markovclient39_cell_counters.log'...
[2021/04/26_12:04:18] Processing '/home/lenny/shadow-experiments/shadowtor-all-but-hsdesc/cell_counters/markovclient150_cell_counters.log'...
[2021/04/26_12:04:19] Processing '/home/lenny/shadow-experiments/shadowtor-all-but-hsdesc/cell_counters/markovclient65_cell_counters.log'...
[2021/04/26_12:04:20] Processing '/home/lenny/shadow-experiments/shadowtor-all-but-hsdesc/cell_counters/relay16exitguard_cell_counters.log'...
[2021/04/26_12:04:21] Processing '/home/lenny/shadow-experiments/shadowtor-all-but-hsdesc/cell_counters/relay91middle_cell_counters.log'...
[2021/04/26_12:04:22] Processing '/home/lenny/shadow-experiments/shadowtor-all-but-hsdesc/cell_counters/relay92middle_cell_counters.log'...
[2021/04/26_12:04:23] Processing '/home/lenny/shadow-experiments/shadowtor-all-but-hsdesc/cell_counters/relay93middle_cell_counters.log'...
[2021/04/26_12:04:24] Processing '/home/lenny/shadow-experiments/shadowtor-all-but-hsdesc/cell_counters/relay95middle_cell_counters.log'...
[2021/04/26_12:04:25] Processing '/home/lenny/shadow-experiments/shadowtor-all-but-hsdesc/cell_counters/relay94middle_cell_counters.log'...
[2021/04/26_12:04:26] Processing '/home/lenny/shadow-experiments/shadowtor-all-but-hsdesc/cell_counters/relay97middle_cell_counters.log'...
[2021/04/26_12:04:27] Processing '/home/lenny/shadow-experiments/shadowtor-all-but-hsdesc/cell_counters/relay96middle_cell_counters.log'...
[2021/04/26_12:04:28] Processing '/home/lenny/shadow-experiments/shadowtor-all-but-hsdesc/cell_counters/relay17exitguard_cell_counters.log'...
[2021/04/26_12:04:29] Processing '/home/lenny/shadow-experiments/shadowtor-all-but-hsdesc/cell_counters/relay21exit_cell_counters.log'...
[2021/04/26_12:04:30] Processing '/home/lenny/shadow-experiments/shadowtor-all-but-hsdesc/cell_counters/relay99middle_cell_counters.log'...
[2021/04/26_12:04:32] Processing '/home/lenny/shadow-experiments/shadowtor-all-but-hsdesc/cell_counters/relay100middle_cell_counters.log'...
[2021/04/26_12:04:33] Processing '/home/lenny/shadow-experiments/shadowtor-all-but-hsdesc/cell_counters/relay98middle_cell_counters.log'...
[2021/04/26_12:04:34] Processing '/home/lenny/shadow-experiments/shadowtor-all-but-hsdesc/cell_counters/relay103middle_cell_counters.log'...
[2021/04/26_12:04:35] Processing '/home/lenny/shadow-experiments/shadowtor-all-but-hsdesc/cell_counters/relay101middle_cell_counters.log'...
[2021/04/26_12:04:36] Processing '/home/lenny/shadow-experiments/shadowtor-all-but-hsdesc/cell_counters/relay104middle_cell_counters.log'...
[2021/04/26_12:04:37] Processing '/home/lenny/shadow-experiments/shadowtor-all-but-hsdesc/cell_counters/relay102middle_cell_counters.log'...
[2021/04/26_12:04:38] Processing '/home/lenny/shadow-experiments/shadowtor-all-but-hsdesc/cell_counters/relay105middle_cell_counters.log'...
[2021/04/26_12:04:39] Processing '/home/lenny/shadow-experiments/shadowtor-all-but-hsdesc/cell_counters/relay107middle_cell_counters.log'...
[2021/04/26_12:04:40] Processing '/home/lenny/shadow-experiments/shadowtor-all-but-hsdesc/cell_counters/relay22exit_cell_counters.log'...
[2021/04/26_12:04:41] Processing '/home/lenny/shadow-experiments/shadowtor-all-but-hsdesc/cell_counters/relay108middle_cell_counters.log'...
[2021/04/26_12:04:42] Processing '/home/lenny/shadow-experiments/shadowtor-all-but-hsdesc/cell_counters/relay106middle_cell_counters.log'...
[2021/04/26_12:04:43] Processing '/home/lenny/shadow-experiments/shadowtor-all-but-hsdesc/cell_counters/relay23exit_cell_counters.log'...
[2021/04/26_12:04:44] Processing '/home/lenny/shadow-experiments/shadowtor-all-but-hsdesc/cell_counters/relay24exit_cell_counters.log'...
[2021/04/26_12:04:45] Processing '/home/lenny/shadow-experiments/shadowtor-all-but-hsdesc/cell_counters/perfclient14_cell_counters.log'...
[2021/04/26_12:04:46] Processing '/home/lenny/shadow-experiments/shadowtor-all-but-hsdesc/cell_counters/perfclient5_cell_counters.log'...
[2021/04/26_12:04:47] Processing '/home/lenny/shadow-experiments/shadowtor-all-but-hsdesc/cell_counters/perfclient2_cell_counters.log'...
[2021/04/26_12:04:48] Processing '/home/lenny/shadow-experiments/shadowtor-all-but-hsdesc/cell_counters/perfclient6_cell_counters.log'...
[2021/04/26_12:04:49] Processing '/home/lenny/shadow-experiments/shadowtor-all-but-hsdesc/cell_counters/perfclient8_cell_counters.log'...
[2021/04/26_12:04:50] Processing '/home/lenny/shadow-experiments/shadowtor-all-but-hsdesc/cell_counters/perfclient12_cell_counters.log'...
[2021/04/26_12:04:51] Processing '/home/lenny/shadow-experiments/shadowtor-all-but-hsdesc/cell_counters/perfclient11_cell_counters.log'...
[2021/04/26_12:04:52] Processing '/home/lenny/shadow-experiments/shadowtor-all-but-hsdesc/cell_counters/perfclient4_cell_counters.log'...
[2021/04/26_12:04:54] Processing '/home/lenny/shadow-experiments/shadowtor-all-but-hsdesc/cell_counters/perfclient16_cell_counters.log'...
[2021/04/26_12:04:55] Processing '/home/lenny/shadow-experiments/shadowtor-all-but-hsdesc/cell_counters/perfclient3_cell_counters.log'...
[2021/04/26_12:04:56] Processing '/home/lenny/shadow-experiments/shadowtor-all-but-hsdesc/cell_counters/perfclient7_cell_counters.log'...
[2021/04/26_12:04:57] Processing '/home/lenny/shadow-experiments/shadowtor-all-but-hsdesc/cell_counters/perfclient13_cell_counters.log'...
[2021/04/26_12:04:58] Processing '/home/lenny/shadow-experiments/shadowtor-all-but-hsdesc/cell_counters/perfclient9_cell_counters.log'...
[2021/04/26_12:04:59] Processing '/home/lenny/shadow-experiments/shadowtor-all-but-hsdesc/cell_counters/perfclient10_cell_counters.log'...
[2021/04/26_12:05:00] Processing '/home/lenny/shadow-experiments/shadowtor-all-but-hsdesc/cell_counters/perfclient1_cell_counters.log'...
[2021/04/26_12:05:01] Processing '/home/lenny/shadow-experiments/shadowtor-all-but-hsdesc/cell_counters/perfclient15_cell_counters.log'...
[2021/04/26_12:05:02] Processing '/home/lenny/shadow-experiments/shadowtor-all-but-hsdesc/cell_counters/4uthority3_cell_counters.log'...
[2021/04/26_12:05:03] Processing '/home/lenny/shadow-experiments/shadowtor-all-but-hsdesc/cell_counters/4uthority2_cell_counters.log'...
[2021/04/26_12:05:04] Processing '/home/lenny/shadow-experiments/shadowtor-all-but-hsdesc/cell_counters/4uthority1_cell_counters.log'...
[2021/04/26_12:05:05] Processing '/home/lenny/shadow-experiments/shadowtor-all-but-hsdesc/cell_counters/relay119middle_cell_counters.log'...
[2021/04/26_12:05:06] Processing '/home/lenny/shadow-experiments/shadowtor-all-but-hsdesc/cell_counters/relay25exit_cell_counters.log'...
[2021/04/26_12:05:07] Processing '/home/lenny/shadow-experiments/shadowtor-all-but-hsdesc/cell_counters/relay121middle_cell_counters.log'...
[2021/04/26_12:05:08] Processing '/home/lenny/shadow-experiments/shadowtor-all-but-hsdesc/cell_counters/relay113middle_cell_counters.log'...
[2021/04/26_12:05:09] Processing '/home/lenny/shadow-experiments/shadowtor-all-but-hsdesc/cell_counters/relay125middle_cell_counters.log'...
[2021/04/26_12:05:10] Processing '/home/lenny/shadow-experiments/shadowtor-all-but-hsdesc/cell_counters/relay116middle_cell_counters.log'...
[2021/04/26_12:05:11] Processing '/home/lenny/shadow-experiments/shadowtor-all-but-hsdesc/cell_counters/relay128middle_cell_counters.log'...
[2021/04/26_12:05:12] Processing '/home/lenny/shadow-experiments/shadowtor-all-but-hsdesc/cell_counters/relay115middle_cell_counters.log'...
[2021/04/26_12:05:13] Processing '/home/lenny/shadow-experiments/shadowtor-all-but-hsdesc/cell_counters/relay117middle_cell_counters.log'...
[2021/04/26_12:05:14] Processing '/home/lenny/shadow-experiments/shadowtor-all-but-hsdesc/cell_counters/relay127middle_cell_counters.log'...
[2021/04/26_12:05:15] Processing '/home/lenny/shadow-experiments/shadowtor-all-but-hsdesc/cell_counters/relay111middle_cell_counters.log'...
[2021/04/26_12:05:17] Processing '/home/lenny/shadow-experiments/shadowtor-all-but-hsdesc/cell_counters/relay124middle_cell_counters.log'...
[2021/04/26_12:05:18] Processing '/home/lenny/shadow-experiments/shadowtor-all-but-hsdesc/cell_counters/relay109middle_cell_counters.log'...
[2021/04/26_12:05:19] Processing '/home/lenny/shadow-experiments/shadowtor-all-but-hsdesc/cell_counters/relay118middle_cell_counters.log'...
[2021/04/26_12:05:20] Processing '/home/lenny/shadow-experiments/shadowtor-all-but-hsdesc/cell_counters/relay120middle_cell_counters.log'...
[2021/04/26_12:05:21] Processing '/home/lenny/shadow-experiments/shadowtor-all-but-hsdesc/cell_counters/relay122middle_cell_counters.log'...
[2021/04/26_12:05:22] Processing '/home/lenny/shadow-experiments/shadowtor-all-but-hsdesc/cell_counters/relay123middle_cell_counters.log'...
[2021/04/26_12:05:23] Processing '/home/lenny/shadow-experiments/shadowtor-all-but-hsdesc/cell_counters/relay126middle_cell_counters.log'...
[2021/04/26_12:05:24] Processing '/home/lenny/shadow-experiments/shadowtor-all-but-hsdesc/cell_counters/relay129middle_cell_counters.log'...
[2021/04/26_12:05:25] Processing '/home/lenny/shadow-experiments/shadowtor-all-but-hsdesc/cell_counters/relay114middle_cell_counters.log'...
[2021/04/26_12:05:26] Processing '/home/lenny/shadow-experiments/shadowtor-all-but-hsdesc/cell_counters/relay130middle_cell_counters.log'...
[2021/04/26_12:05:27] Processing '/home/lenny/shadow-experiments/shadowtor-all-but-hsdesc/cell_counters/relay110middle_cell_counters.log'...
[2021/04/26_12:05:28] Processing '/home/lenny/shadow-experiments/shadowtor-all-but-hsdesc/cell_counters/relay112middle_cell_counters.log'...
